<?xml version="1.0" encoding="UTF-8"?>
<!-- Generated by org.testng.reporters.JUnitReportReporter -->
<testsuite skipped="0" hostname="LAPTOP-K3JTPNJJ" name="com.crm.testcases.LoginPageTest" tests="1" failures="0" timestamp="24 Mar 2018 05:26:57 GMT" time="18.504" errors="0">
  <testcase name="LoginCrmTest" time="18.504" classname="com.crm.testcases.LoginPageTest"/>
</testsuite> <!-- com.crm.testcases.LoginPageTest -->
